0 info it worked if it ends with ok
1 verbose cli [ 'node', '/usr/local/bin/npm', 'install', 'react-redux' ]
2 info using npm@2.5.1
3 info using node@v0.12.0
4 verbose node symlink /usr/local/bin/node
5 warn package.json react@1.0.0 No repository field.
6 warn package.json react@1.0.0 No README data
7 silly cache add args [ 'react-redux', null ]
8 verbose cache add spec react-redux
9 silly cache add parsed spec { raw: 'react-redux',
9 silly cache add   scope: null,
9 silly cache add   name: 'react-redux',
9 silly cache add   rawSpec: '',
9 silly cache add   spec: '*',
9 silly cache add   type: 'range' }
10 verbose addNamed react-redux@*
11 silly addNamed semver.valid null
12 silly addNamed semver.validRange *
13 silly addNameRange { name: 'react-redux', range: '*', hasData: false }
14 silly mapToRegistry name react-redux
15 silly mapToRegistry using default registry
16 silly mapToRegistry registry https://registry.npmjs.org/
17 silly mapToRegistry uri https://registry.npmjs.org/react-redux
18 verbose addNameRange registry:https://registry.npmjs.org/react-redux not in flight; fetching
19 verbose request uri https://registry.npmjs.org/react-redux
20 verbose request no auth needed
21 info attempt registry request try #1 at 14:36:54
22 verbose request id 27c18c03539819c4
23 http request GET https://registry.npmjs.org/react-redux
24 info retry will retry, error on last attempt: Error: socket hang up
25 info attempt registry request try #2 at 14:38:09
26 http request GET https://registry.npmjs.org/react-redux
27 info retry will retry, error on last attempt: Error: socket hang up
28 info attempt registry request try #3 at 14:40:12
29 http request GET https://registry.npmjs.org/react-redux
30 verbose stack Error: socket hang up
30 verbose stack     at createHangUpError (_http_client.js:215:15)
30 verbose stack     at TLSSocket.socketOnEnd (_http_client.js:293:23)
30 verbose stack     at TLSSocket.emit (events.js:129:20)
30 verbose stack     at _stream_readable.js:908:16
30 verbose stack     at process._tickCallback (node.js:355:11)
31 verbose cwd /Users/zhangdi/myProject/reactMelody
32 error Darwin 14.5.0
33 error argv "node" "/usr/local/bin/npm" "install" "react-redux"
34 error node v0.12.0
35 error npm  v2.5.1
36 error code ECONNRESET
37 error network socket hang up
37 error network This is most likely not a problem with npm itself
37 error network and is related to network connectivity.
37 error network In most cases you are behind a proxy or have bad network settings.
37 error network
37 error network If you are behind a proxy, please make sure that the
37 error network 'proxy' config is set properly.  See: 'npm help config'
38 verbose exit [ 1, true ]
